
2019-09-24 19:02:31: INFO: Log file opened
2019-09-24 19:07:15: INFO: Log file opened
2019-09-24 19:07:15: INFO: starting publishing cycle
2019-09-24 19:07:15: INFO: finding districts to publish
2019-09-24 19:07:15: INFO: 209 ADVISER districts found
2019-09-24 19:07:15: INFO: finished publishing cycle
2019-09-24 19:07:15: INFO: closing log file
2019-09-24 19:08:15: INFO: Log file opened
2019-09-24 19:08:15: INFO: starting publishing cycle
2019-09-24 19:08:15: INFO: finding districts to publish
2019-09-24 19:08:16: INFO: 209 ADVISER districts found
2019-09-24 19:08:16: INFO: finished publishing cycle
2019-09-24 19:08:16: INFO: closing log file
2019-09-24 19:09:16: INFO: Log file opened
2019-09-24 19:09:16: INFO: starting publishing cycle
2019-09-24 19:09:16: INFO: finding districts to publish
2019-09-24 19:09:16: INFO: 209 ADVISER districts found
2019-09-24 19:09:16: INFO: finished publishing cycle
2019-09-24 19:09:16: INFO: closing log file
2019-09-24 19:10:16: INFO: Log file opened
2019-09-24 19:10:16: INFO: starting publishing cycle
2019-09-24 19:10:16: INFO: finding districts to publish
2019-09-24 19:10:16: INFO: 209 ADVISER districts found
2019-09-24 19:10:16: INFO: finished publishing cycle
2019-09-24 19:10:16: INFO: closing log file
2019-09-24 14:14:30 CDT: INFO: Log file opened
2019-09-24 14:14:30 CDT: INFO: starting publishing cycle
2019-09-24 14:14:30 CDT: INFO: finding districts to publish
2019-09-24 14:14:30 CDT: INFO: 209 ADVISER districts found
2019-09-24 14:14:30 CDT: INFO: finished publishing cycle
2019-09-24 14:14:30 CDT: INFO: closing log file